<?xml version="1.0" encoding="UTF-8"?>
<!-- Generated by org.testng.reporters.JUnitXMLReporter -->
<testsuite ignored="0" hostname="Gokuls-MacBook-Air.local" failures="1" tests="1" name="SafariTest" time="0.158" errors="0" timestamp="2026-05-12T00:15:36 IST">
  <testcase classname="org.testCasesPackage.TC001_AccountRegistrationTest" name="verify_account_registration" time="0.012">
    <failure type="java.lang.AssertionError">
      <![CDATA[java.lang.AssertionError: 
at org.testCasesPackage.TC001_AccountRegistrationTest.verify_account_registration(TC001_AccountRegistrationTest.java:74)
at java.base/java.util.ArrayList.forEach(ArrayList.java:1511)
at java.base/java.util.concurrent.FutureTask.run(FutureTask.java:264)
at java.base/java.util.concurrent.ThreadPoolExecutor.runWorker(ThreadPoolExecutor.java:1136)
at java.base/java.util.concurrent.ThreadPoolExecutor$Worker.run(ThreadPoolExecutor.java:635)
at java.base/java.lang.Thread.run(Thread.java:840)
... Removed 19 stack frames]]>
    </failure>
  </testcase> <!-- verify_account_registration -->
</testsuite> <!-- SafariTest -->
