<?xml version="1.0" encoding="UTF-8"?>
<!-- Generated by org.testng.reporters.JUnitXMLReporter -->
<testsuite ignored="0" hostname="Gokuls-MacBook-Air.local" failures="0" tests="8" name="Test" time="69.243" errors="0" timestamp="2026-05-13T15:35:46 IST">
  <testcase classname="org.testCasesPackage.TC001_AccountRegistrationTest" name="verify_account_registration" time="4.875"/>
  <testcase classname="org.testCasesPackage.TC_002_LoginTest" name="verify_login" time="1.358"/>
  <testcase classname="org.testCasesPackage.TC_003_LoginDDT" name="verify_loginDDT" time="2.09"/>
  <testcase classname="org.testCasesPackage.TC_003_LoginDDT" name="verify_loginDDT" time="11.156"/>
  <testcase classname="org.testCasesPackage.TC_003_LoginDDT" name="verify_loginDDT" time="11.605"/>
  <testcase classname="org.testCasesPackage.TC_003_LoginDDT" name="verify_loginDDT" time="10.361"/>
  <testcase classname="org.testCasesPackage.TC_003_LoginDDT" name="verify_loginDDT" time="10.472"/>
  <testcase classname="org.testCasesPackage.TC_003_LoginDDT" name="verify_loginDDT" time="1.402"/>
</testsuite> <!-- Test -->
