<?xml version="1.0" encoding="UTF-8"?>
<testng-results ignored="0" total="8" passed="8" failed="0" skipped="0">
  <reporter-output>
  </reporter-output>
  <suite started-at="2026-05-13T15:34:36 IST" name="Suite" finished-at="2026-05-13T15:35:45 IST" duration-ms="69243">
    <groups>
      <group name="datadriven">
        <method signature="TC_003_LoginDDT.verify_loginDDT(java.lang.String,java.lang.String,java.lang.String)[pri:0, instance:org.testCasesPackage.TC_003_LoginDDT@3aefe5e5]" name="verify_loginDDT" class="org.testCasesPackage.TC_003_LoginDDT"/>
      </group> <!-- datadriven -->
      <group name="regression">
        <method signature="TC001_AccountRegistrationTest.verify_account_registration()[pri:0, instance:org.testCasesPackage.TC001_AccountRegistrationTest@4386f16]" name="verify_account_registration" class="org.testCasesPackage.TC001_AccountRegistrationTest"/>
      </group> <!-- regression -->
      <group name="sanity">
        <method signature="TC001_AccountRegistrationTest.verify_account_registration()[pri:0, instance:org.testCasesPackage.TC001_AccountRegistrationTest@4386f16]" name="verify_account_registration" class="org.testCasesPackage.TC001_AccountRegistrationTest"/>
        <method signature="TC_002_LoginTest.verify_login()[pri:0, instance:org.testCasesPackage.TC_002_LoginTest@1184ab05]" name="verify_login" class="org.testCasesPackage.TC_002_LoginTest"/>
      </group> <!-- sanity -->
      <group name="master">
        <method signature="TC001_AccountRegistrationTest.verify_account_registration()[pri:0, instance:org.testCasesPackage.TC001_AccountRegistrationTest@4386f16]" name="verify_account_registration" class="org.testCasesPackage.TC001_AccountRegistrationTest"/>
        <method signature="TC_002_LoginTest.verify_login()[pri:0, instance:org.testCasesPackage.TC_002_LoginTest@1184ab05]" name="verify_login" class="org.testCasesPackage.TC_002_LoginTest"/>
      </group> <!-- master -->
    </groups>
    <test started-at="2026-05-13T15:34:36 IST" name="Test" finished-at="2026-05-13T15:35:45 IST" duration-ms="69243">
      <class name="org.testCasesPackage.TC001_AccountRegistrationTest">
        <test-method is-config="true" signature="setup(java.lang.String,java.lang.String)[pri:0, instance:org.testCasesPackage.TC001_AccountRegistrationTest@4386f16]" started-at="2026-05-13T15:34:36 IST" name="setup" finished-at="2026-05-13T15:34:46 IST" duration-ms="10046" status="PASS">
          <params>
            <param index="0">
              <value>
                <![CDATA[chrome]]>
              </value>
            </param>
            <param index="1">
              <value>
                <![CDATA[mac]]>
              </value>
            </param>
          </params>
          <reporter-output>
          </reporter-output>
        </test-method> <!-- setup -->
        <test-method signature="verify_account_registration()[pri:0, instance:org.testCasesPackage.TC001_AccountRegistrationTest@4386f16]" started-at="2026-05-13T15:34:46 IST" name="verify_account_registration" finished-at="2026-05-13T15:34:51 IST" duration-ms="4875" status="PASS">
          <reporter-output>
          </reporter-output>
        </test-method> <!-- verify_account_registration -->
        <test-method is-config="true" signature="tearDown()[pri:0, instance:org.testCasesPackage.TC001_AccountRegistrationTest@4386f16]" started-at="2026-05-13T15:34:51 IST" name="tearDown" finished-at="2026-05-13T15:34:51 IST" duration-ms="119" status="PASS">
          <reporter-output>
          </reporter-output>
        </test-method> <!-- tearDown -->
      </class> <!-- org.testCasesPackage.TC001_AccountRegistrationTest -->
      <class name="org.testCasesPackage.TC_003_LoginDDT">
        <test-method is-config="true" signature="setup(java.lang.String,java.lang.String)[pri:0, instance:org.testCasesPackage.TC_003_LoginDDT@3aefe5e5]" started-at="2026-05-13T15:34:55 IST" name="setup" finished-at="2026-05-13T15:34:57 IST" duration-ms="1745" status="PASS">
          <params>
            <param index="0">
              <value>
                <![CDATA[chrome]]>
              </value>
            </param>
            <param index="1">
              <value>
                <![CDATA[mac]]>
              </value>
            </param>
          </params>
          <reporter-output>
          </reporter-output>
        </test-method> <!-- setup -->
        <test-method signature="verify_loginDDT(java.lang.String,java.lang.String,java.lang.String)[pri:0, instance:org.testCasesPackage.TC_003_LoginDDT@3aefe5e5]" started-at="2026-05-13T15:34:58 IST" name="verify_loginDDT" data-provider="LoginData" finished-at="2026-05-13T15:35:00 IST" duration-ms="2090" status="PASS">
          <params>
            <param index="0">
              <value>
                <![CDATA[gokul.manivannan12@gmail.com]]>
              </value>
            </param>
            <param index="1">
              <value>
                <![CDATA[user@12345]]>
              </value>
            </param>
            <param index="2">
              <value>
                <![CDATA[valid]]>
              </value>
            </param>
          </params>
          <reporter-output>
          </reporter-output>
        </test-method> <!-- verify_loginDDT -->
        <test-method signature="verify_loginDDT(java.lang.String,java.lang.String,java.lang.String)[pri:0, instance:org.testCasesPackage.TC_003_LoginDDT@3aefe5e5]" started-at="2026-05-13T15:35:00 IST" name="verify_loginDDT" data-provider="LoginData" finished-at="2026-05-13T15:35:11 IST" duration-ms="11156" status="PASS">
          <params>
            <param index="0">
              <value>
                <![CDATA[mani@@gmail.com]]>
              </value>
            </param>
            <param index="1">
              <value>
                <![CDATA[111]]>
              </value>
            </param>
            <param index="2">
              <value>
                <![CDATA[invalid]]>
              </value>
            </param>
          </params>
          <reporter-output>
          </reporter-output>
        </test-method> <!-- verify_loginDDT -->
        <test-method signature="verify_loginDDT(java.lang.String,java.lang.String,java.lang.String)[pri:0, instance:org.testCasesPackage.TC_003_LoginDDT@3aefe5e5]" started-at="2026-05-13T15:35:11 IST" name="verify_loginDDT" data-provider="LoginData" finished-at="2026-05-13T15:35:23 IST" duration-ms="11605" status="PASS">
          <params>
            <param index="0">
              <value>
                <![CDATA[]]>
              </value>
            </param>
            <param index="1">
              <value>
                <![CDATA[]]>
              </value>
            </param>
            <param index="2">
              <value>
                <![CDATA[invalid]]>
              </value>
            </param>
          </params>
          <reporter-output>
          </reporter-output>
        </test-method> <!-- verify_loginDDT -->
        <test-method signature="verify_loginDDT(java.lang.String,java.lang.String,java.lang.String)[pri:0, instance:org.testCasesPackage.TC_003_LoginDDT@3aefe5e5]" started-at="2026-05-13T15:35:23 IST" name="verify_loginDDT" data-provider="LoginData" finished-at="2026-05-13T15:35:33 IST" duration-ms="10361" status="PASS">
          <params>
            <param index="0">
              <value>
                <![CDATA[gokul.manivannan12@gmail.com]]>
              </value>
            </param>
            <param index="1">
              <value>
                <![CDATA[user@123]]>
              </value>
            </param>
            <param index="2">
              <value>
                <![CDATA[invalid]]>
              </value>
            </param>
          </params>
          <reporter-output>
          </reporter-output>
        </test-method> <!-- verify_loginDDT -->
        <test-method signature="verify_loginDDT(java.lang.String,java.lang.String,java.lang.String)[pri:0, instance:org.testCasesPackage.TC_003_LoginDDT@3aefe5e5]" started-at="2026-05-13T15:35:33 IST" name="verify_loginDDT" data-provider="LoginData" finished-at="2026-05-13T15:35:43 IST" duration-ms="10472" status="PASS">
          <params>
            <param index="0">
              <value>
                <![CDATA[sindhu123@gmail.com]]>
              </value>
            </param>
            <param index="1">
              <value>
                <![CDATA[user@12345]]>
              </value>
            </param>
            <param index="2">
              <value>
                <![CDATA[invalid]]>
              </value>
            </param>
          </params>
          <reporter-output>
          </reporter-output>
        </test-method> <!-- verify_loginDDT -->
        <test-method signature="verify_loginDDT(java.lang.String,java.lang.String,java.lang.String)[pri:0, instance:org.testCasesPackage.TC_003_LoginDDT@3aefe5e5]" started-at="2026-05-13T15:35:44 IST" name="verify_loginDDT" data-provider="LoginData" finished-at="2026-05-13T15:35:45 IST" duration-ms="1402" status="PASS">
          <params>
            <param index="0">
              <value>
                <![CDATA[gokul.manivannan12@gmail.com]]>
              </value>
            </param>
            <param index="1">
              <value>
                <![CDATA[user@12345]]>
              </value>
            </param>
            <param index="2">
              <value>
                <![CDATA[valid]]>
              </value>
            </param>
          </params>
          <reporter-output>
          </reporter-output>
        </test-method> <!-- verify_loginDDT -->
        <test-method is-config="true" signature="tearDown()[pri:0, instance:org.testCasesPackage.TC_003_LoginDDT@3aefe5e5]" started-at="2026-05-13T15:35:45 IST" name="tearDown" finished-at="2026-05-13T15:35:45 IST" duration-ms="114" status="PASS">
          <reporter-output>
          </reporter-output>
        </test-method> <!-- tearDown -->
      </class> <!-- org.testCasesPackage.TC_003_LoginDDT -->
      <class name="org.testCasesPackage.TC_002_LoginTest">
        <test-method is-config="true" signature="setup(java.lang.String,java.lang.String)[pri:0, instance:org.testCasesPackage.TC_002_LoginTest@1184ab05]" started-at="2026-05-13T15:34:51 IST" name="setup" finished-at="2026-05-13T15:34:54 IST" duration-ms="3086" status="PASS">
          <params>
            <param index="0">
              <value>
                <![CDATA[chrome]]>
              </value>
            </param>
            <param index="1">
              <value>
                <![CDATA[mac]]>
              </value>
            </param>
          </params>
          <reporter-output>
          </reporter-output>
        </test-method> <!-- setup -->
        <test-method signature="verify_login()[pri:0, instance:org.testCasesPackage.TC_002_LoginTest@1184ab05]" started-at="2026-05-13T15:34:54 IST" name="verify_login" finished-at="2026-05-13T15:34:55 IST" duration-ms="1358" status="PASS">
          <reporter-output>
          </reporter-output>
        </test-method> <!-- verify_login -->
        <test-method is-config="true" signature="tearDown()[pri:0, instance:org.testCasesPackage.TC_002_LoginTest@1184ab05]" started-at="2026-05-13T15:34:55 IST" name="tearDown" finished-at="2026-05-13T15:34:55 IST" duration-ms="91" status="PASS">
          <reporter-output>
          </reporter-output>
        </test-method> <!-- tearDown -->
      </class> <!-- org.testCasesPackage.TC_002_LoginTest -->
    </test> <!-- Test -->
  </suite> <!-- Suite -->
</testng-results>
