<?xml version="1.0" encoding="UTF-8"?>
<testsuite xmlns:xsi="http://www.w3.org/2001/XMLSchema-instance" xsi:noNamespaceSchemaLocation="https://maven.apache.org/surefire/maven-surefire-plugin/xsd/surefire-test-report-3.0.xsd" version="3.0" name="TestSuite" time="70.069" tests="8" errors="0" skipped="0" failures="0">
  <properties>
[...]
</properties>
  <testcase name="verify_account_registration" classname="org.testCasesPackage.TC001_AccountRegistrationTest" time="4.891">
    <system-err><![CDATA[SLF4J(W): No SLF4J providers were found.
SLF4J(W): Defaulting to no-operation (NOP) logger implementation
SLF4J(W): See https://www.slf4j.org/codes.html#noProviders for further details.
May 13, 2026 3:34:44 PM org.openqa.selenium.devtools.CdpVersionFinder findNearestMatch
WARNING: Unable to find CDP implementation matching 148
May 13, 2026 3:34:44 PM org.openqa.selenium.chromium.ChromiumDriver lambda$new$5
WARNING: Unable to find version of CDP to use for 148.0.7778.97. You may need to include a dependency on a specific version of the CDP using something similar to `org.seleniumhq.selenium:selenium-devtools-v86:4.21.0` where the version ("v86") matches the version of the chromium-based browser you're using and the version number of the artifact is the same as Selenium's.
]]></system-err>
  </testcase>
  <testcase name="verify_login" classname="org.testCasesPackage.TC_002_LoginTest" time="1.359">
    <system-err><![CDATA[May 13, 2026 3:34:53 PM org.openqa.selenium.devtools.CdpVersionFinder findNearestMatch
WARNING: Unable to find CDP implementation matching 148
May 13, 2026 3:34:53 PM org.openqa.selenium.chromium.ChromiumDriver lambda$new$5
WARNING: Unable to find version of CDP to use for 148.0.7778.97. You may need to include a dependency on a specific version of the CDP using something similar to `org.seleniumhq.selenium:selenium-devtools-v86:4.21.0` where the version ("v86") matches the version of the chromium-based browser you're using and the version number of the artifact is the same as Selenium's.
]]></system-err>
  </testcase>
  <testcase name="verify_loginDDT[gokul.manivannan12@gmail.com, user@12345, valid](1)" classname="org.testCasesPackage.TC_003_LoginDDT" time="2.089">
    <system-err><![CDATA[May 13, 2026 3:34:56 PM org.openqa.selenium.devtools.CdpVersionFinder findNearestMatch
WARNING: Unable to find CDP implementation matching 148
May 13, 2026 3:34:56 PM org.openqa.selenium.chromium.ChromiumDriver lambda$new$5
WARNING: Unable to find version of CDP to use for 148.0.7778.97. You may need to include a dependency on a specific version of the CDP using something similar to `org.seleniumhq.selenium:selenium-devtools-v86:4.21.0` where the version ("v86") matches the version of the chromium-based browser you're using and the version number of the artifact is the same as Selenium's.
]]></system-err>
  </testcase>
  <testcase name="verify_loginDDT[mani@@gmail.com, 111, invalid](2)" classname="org.testCasesPackage.TC_003_LoginDDT" time="11.159"/>
  <testcase name="verify_loginDDT[, , invalid](3)" classname="org.testCasesPackage.TC_003_LoginDDT" time="11.608"/>
  <testcase name="verify_loginDDT[gokul.manivannan12@gmail.com, user@123, invalid](4)" classname="org.testCasesPackage.TC_003_LoginDDT" time="10.367"/>
  <testcase name="verify_loginDDT[sindhu123@gmail.com, user@12345, invalid](5)" classname="org.testCasesPackage.TC_003_LoginDDT" time="10.471"/>
  <testcase name="verify_loginDDT[gokul.manivannan12@gmail.com, user@12345, valid](6)" classname="org.testCasesPackage.TC_003_LoginDDT" time="1.403"/>
</testsuite>