<?xml version="1.0" encoding="UTF-8"?>
<testng-results ignored="0" total="1" passed="1" failed="0" skipped="0">
  <reporter-output>
  </reporter-output>
  <suite started-at="2026-05-12T23:20:01 IST" name="Suite" finished-at="2026-05-12T23:20:22 IST" duration-ms="21467">
    <groups>
      <group name="regression">
        <method signature="TC001_AccountRegistrationTest.verify_account_registration()[pri:0, instance:org.testCasesPackage.TC001_AccountRegistrationTest@61df66b6]" name="verify_account_registration" class="org.testCasesPackage.TC001_AccountRegistrationTest"/>
      </group> <!-- regression -->
      <group name="sanity">
        <method signature="TC001_AccountRegistrationTest.verify_account_registration()[pri:0, instance:org.testCasesPackage.TC001_AccountRegistrationTest@61df66b6]" name="verify_account_registration" class="org.testCasesPackage.TC001_AccountRegistrationTest"/>
      </group> <!-- sanity -->
      <group name="master">
        <method signature="TC001_AccountRegistrationTest.verify_account_registration()[pri:0, instance:org.testCasesPackage.TC001_AccountRegistrationTest@61df66b6]" name="verify_account_registration" class="org.testCasesPackage.TC001_AccountRegistrationTest"/>
      </group> <!-- master -->
    </groups>
    <test started-at="2026-05-12T23:20:01 IST" name="firefoxtest" finished-at="2026-05-12T23:20:22 IST" duration-ms="21467">
      <class name="org.testCasesPackage.TC001_AccountRegistrationTest">
        <test-method is-config="true" signature="setup(java.lang.String,java.lang.String)[pri:0, instance:org.testCasesPackage.TC001_AccountRegistrationTest@61df66b6]" started-at="2026-05-12T23:20:01 IST" name="setup" finished-at="2026-05-12T23:20:14 IST" duration-ms="12955" status="PASS">
          <params>
            <param index="0">
              <value>
                <![CDATA[firefox]]>
              </value>
            </param>
            <param index="1">
              <value>
                <![CDATA[linux]]>
              </value>
            </param>
          </params>
          <reporter-output>
          </reporter-output>
        </test-method> <!-- setup -->
        <test-method signature="verify_account_registration()[pri:0, instance:org.testCasesPackage.TC001_AccountRegistrationTest@61df66b6]" started-at="2026-05-12T23:20:14 IST" name="verify_account_registration" finished-at="2026-05-12T23:20:21 IST" duration-ms="7707" status="PASS">
          <reporter-output>
          </reporter-output>
        </test-method> <!-- verify_account_registration -->
        <test-method is-config="true" signature="tearDown()[pri:0, instance:org.testCasesPackage.TC001_AccountRegistrationTest@61df66b6]" started-at="2026-05-12T23:20:21 IST" name="tearDown" finished-at="2026-05-12T23:20:22 IST" duration-ms="761" status="PASS">
          <reporter-output>
          </reporter-output>
        </test-method> <!-- tearDown -->
      </class> <!-- org.testCasesPackage.TC001_AccountRegistrationTest -->
    </test> <!-- firefoxtest -->
  </suite> <!-- Suite -->
</testng-results>
