<?xml version="1.0" encoding="UTF-8"?>
<!-- Generated by org.testng.reporters.JUnitReportReporter -->
<testsuite hostname="Gokuls-MacBook-Air.local" failures="0" tests="1" name="org.testCasesPackage.TC001_AccountRegistrationTest" time="7.707" errors="0" timestamp="2026-05-12T23:20:22 IST" skipped="0">
  <testcase classname="org.testCasesPackage.TC001_AccountRegistrationTest" name="verify_account_registration" time="7.707"/>
  <system-out/>
</testsuite> <!-- org.testCasesPackage.TC001_AccountRegistrationTest -->
