<?xml version="1.0" encoding="UTF-8"?>
<!-- Generated by org.testng.reporters.JUnitReportReporter -->
<testsuite hostname="Gokuls-MacBook-Air.local" failures="0" tests="6" name="org.testCasesPackage.TC_003_LoginDDT" time="47.086" errors="0" timestamp="2026-05-13T15:35:46 IST" skipped="0">
  <testcase classname="org.testCasesPackage.TC_003_LoginDDT" name="verify_loginDDT" time="10.472"/>
  <system-out/>
  <testcase classname="org.testCasesPackage.TC_003_LoginDDT" name="verify_loginDDT" time="1.402"/>
  <system-out/>
  <testcase classname="org.testCasesPackage.TC_003_LoginDDT" name="verify_loginDDT" time="2.090"/>
  <system-out/>
  <testcase classname="org.testCasesPackage.TC_003_LoginDDT" name="verify_loginDDT" time="10.361"/>
  <system-out/>
  <testcase classname="org.testCasesPackage.TC_003_LoginDDT" name="verify_loginDDT" time="11.156"/>
  <system-out/>
  <testcase classname="org.testCasesPackage.TC_003_LoginDDT" name="verify_loginDDT" time="11.605"/>
  <system-out/>
</testsuite> <!-- org.testCasesPackage.TC_003_LoginDDT -->
