<?xml version="1.0" encoding="UTF-8"?>
<!-- Generated by org.testng.reporters.JUnitReportReporter -->
<testsuite hostname="Gokuls-MacBook-Air.local" failures="0" tests="1" name="org.testCasesPackage.TC001_AccountRegistrationTest" time="4.875" errors="0" timestamp="2026-05-13T15:35:46 IST" skipped="0">
  <testcase classname="org.testCasesPackage.TC001_AccountRegistrationTest" name="verify_account_registration" time="4.875"/>
  <system-out/>
</testsuite> <!-- org.testCasesPackage.TC001_AccountRegistrationTest -->
